<?xml version="1.0" encoding="UTF-8"?>
<!-- Generated by org.testng.reporters.JUnitXMLReporter -->
<testsuite ignored="0" hostname="DESKTOP-47BL69I" failures="0" tests="4" name="Test" time="30.462" errors="0" timestamp="2022-10-07T14:19:48 COT">
  <testcase classname="com.testNG.RunTestNG" name="widgetsTestNG" time="0.007"/>
  <testcase classname="com.testNG.RunTestNG" name="alertsTestNG" time="0.004"/>
  <testcase classname="com.testNG.RunTestNG" name="calculadoraTestNG" time="29.644"/>
  <testcase classname="com.testNG.RunTestNG" name="mercadoLibreTestNG" time="0.001"/>
</testsuite> <!-- Test -->
