<?xml version="1.0" encoding="UTF-8"?>
<testng-results ignored="0" total="4" passed="4" failed="0" skipped="0">
  <reporter-output>
  </reporter-output>
  <suite started-at="2022-10-07T14:19:18 COT" name="Suite" finished-at="2022-10-07T14:19:48 COT" duration-ms="30462">
    <groups>
    </groups>
    <test started-at="2022-10-07T14:19:18 COT" name="Test" finished-at="2022-10-07T14:19:48 COT" duration-ms="30462">
      <class name="com.testNG.RunTestNG">
        <test-method is-config="true" signature="beforeClass(java.lang.String,java.lang.String,java.lang.String,java.lang.String,java.lang.String,java.lang.String,java.lang.String,java.lang.String,java.lang.String)[pri:0, instance:com.testNG.RunTestNG@1ab3a8c8]" started-at="2022-10-07T14:19:18 COT" name="beforeClass" finished-at="2022-10-07T14:19:18 COT" duration-ms="20" status="PASS">
          <params>
            <param index="0">
              <value>
                <![CDATA[./imagenes/mercadolibre.png]]>
              </value>
            </param>
            <param index="1">
              <value>
                <![CDATA[./imagenes/mercurytours.png]]>
              </value>
            </param>
            <param index="2">
              <value>
                <![CDATA[./imagenes/toolsqa.png]]>
              </value>
            </param>
            <param index="3">
              <value>
                <![CDATA[./imagenes/calculadora.png]]>
              </value>
            </param>
            <param index="4">
              <value>
                <![CDATA[Android]]>
              </value>
            </param>
            <param index="5">
              <value>
                <![CDATA[4b32464d4c583398]]>
              </value>
            </param>
            <param index="6">
              <value>
                <![CDATA[10]]>
              </value>
            </param>
            <param index="7">
              <value>
                <![CDATA[true]]>
              </value>
            </param>
            <param index="8">
              <value>
                <![CDATA[true]]>
              </value>
            </param>
          </params>
          <reporter-output>
          </reporter-output>
        </test-method> <!-- beforeClass -->
        <test-method signature="widgetsTestNG(java.lang.String,java.lang.String,java.lang.String,java.lang.String,java.lang.String)[pri:1, instance:com.testNG.RunTestNG@1ab3a8c8]" started-at="2022-10-07T14:19:19 COT" name="widgetsTestNG" data-provider="widgts" finished-at="2022-10-07T14:19:19 COT" duration-ms="7" status="PASS">
          <params>
            <param index="0">
              <value>
                <![CDATA[https://demoqa.com/]]>
              </value>
            </param>
            <param index="1">
              <value>
                <![CDATA[com.android.chrome]]>
              </value>
            </param>
            <param index="2">
              <value>
                <![CDATA[com.google.android.apps.chrome.Main]]>
              </value>
            </param>
            <param index="3">
              <value>
                <![CDATA[Si]]>
              </value>
            </param>
            <param index="4">
              <value>
                <![CDATA[Off]]>
              </value>
            </param>
          </params>
          <reporter-output>
          </reporter-output>
        </test-method> <!-- widgetsTestNG -->
        <test-method signature="alertsTestNG(java.lang.String,java.lang.String,java.lang.String,java.lang.String,java.lang.String,java.lang.String)[pri:2, instance:com.testNG.RunTestNG@1ab3a8c8]" started-at="2022-10-07T14:19:19 COT" name="alertsTestNG" data-provider="alerts" finished-at="2022-10-07T14:19:19 COT" duration-ms="4" status="PASS">
          <params>
            <param index="0">
              <value>
                <![CDATA[https://demoqa.com/]]>
              </value>
            </param>
            <param index="1">
              <value>
                <![CDATA[Gustavo]]>
              </value>
            </param>
            <param index="2">
              <value>
                <![CDATA[com.android.chrome]]>
              </value>
            </param>
            <param index="3">
              <value>
                <![CDATA[com.google.android.apps.chrome.Main]]>
              </value>
            </param>
            <param index="4">
              <value>
                <![CDATA[Si]]>
              </value>
            </param>
            <param index="5">
              <value>
                <![CDATA[Off]]>
              </value>
            </param>
          </params>
          <reporter-output>
          </reporter-output>
        </test-method> <!-- alertsTestNG -->
        <test-method signature="calculadoraTestNG(java.lang.String,java.lang.String,java.lang.String,java.lang.String,java.lang.String,java.lang.String,java.lang.String)[pri:3, instance:com.testNG.RunTestNG@1ab3a8c8]" started-at="2022-10-07T14:19:19 COT" name="calculadoraTestNG" data-provider="calculadora" finished-at="2022-10-07T14:19:48 COT" duration-ms="29644" status="PASS">
          <params>
            <param index="0">
              <value>
                <![CDATA[321]]>
              </value>
            </param>
            <param index="1">
              <value>
                <![CDATA[Menos]]>
              </value>
            </param>
            <param index="2">
              <value>
                <![CDATA[54]]>
              </value>
            </param>
            <param index="3">
              <value>
                <![CDATA[com.sec.android.app.popupcalculator]]>
              </value>
            </param>
            <param index="4">
              <value>
                <![CDATA[com.sec.android.app.popupcalculator.Calculator]]>
              </value>
            </param>
            <param index="5">
              <value>
                <![CDATA[Si]]>
              </value>
            </param>
            <param index="6">
              <value>
                <![CDATA[On]]>
              </value>
            </param>
          </params>
          <reporter-output>
          </reporter-output>
        </test-method> <!-- calculadoraTestNG -->
        <test-method signature="mercadoLibreTestNG(java.lang.String,java.lang.String,java.lang.String,java.lang.String,java.lang.String,java.lang.String,java.lang.String)[pri:4, instance:com.testNG.RunTestNG@1ab3a8c8]" started-at="2022-10-07T14:19:48 COT" name="mercadoLibreTestNG" data-provider="mercadolibre" finished-at="2022-10-07T14:19:48 COT" duration-ms="1" status="PASS">
          <params>
            <param index="0">
              <value>
                <![CDATA[https://www.mercadolibre.com.ar/]]>
              </value>
            </param>
            <param index="1">
              <value>
                <![CDATA[reloj hombre]]>
              </value>
            </param>
            <param index="2">
              <value>
                <![CDATA[g.mora398@gmail.com]]>
              </value>
            </param>
            <param index="3">
              <value>
                <![CDATA[com.android.chrome]]>
              </value>
            </param>
            <param index="4">
              <value>
                <![CDATA[com.google.android.apps.chrome.Main]]>
              </value>
            </param>
            <param index="5">
              <value>
                <![CDATA[Si]]>
              </value>
            </param>
            <param index="6">
              <value>
                <![CDATA[Off]]>
              </value>
            </param>
          </params>
          <reporter-output>
          </reporter-output>
        </test-method> <!-- mercadoLibreTestNG -->
        <test-method is-config="true" signature="afterClass()[pri:0, instance:com.testNG.RunTestNG@1ab3a8c8]" started-at="2022-10-07T14:19:48 COT" name="afterClass" finished-at="2022-10-07T14:19:48 COT" duration-ms="2" status="PASS">
          <reporter-output>
          </reporter-output>
        </test-method> <!-- afterClass -->
      </class> <!-- com.testNG.RunTestNG -->
    </test> <!-- Test -->
  </suite> <!-- Suite -->
</testng-results>
